[07-Oct-2025 09:24:30 UTC] PHP Notice:  Function _load_textdomain_just_in_time was called <strong>incorrectly</strong>. Translation loading for the <code>acf</code> domain was triggered too early. This is usually an indicator for some code in the plugin or theme running too early. Translations should be loaded at the <code>init</code> action or later. Please see <a href="https://developer.wordpress.org/advanced-administration/debug/debug-wordpress/">Debugging in WordPress</a> for more information. (This message was added in version 6.7.0.) in C:\xampp\htdocs\Events\wp-includes\functions.php on line 6121
[07-Oct-2025 09:24:30 UTC] PHP Deprecated:  Creation of dynamic property ACF::$fields is deprecated in C:\xampp\htdocs\Events\wp-content\plugins\advanced-custom-fields-pro\includes\fields.php on line 138
[07-Oct-2025 09:24:30 UTC] PHP Deprecated:  Creation of dynamic property acf_loop::$loops is deprecated in C:\xampp\htdocs\Events\wp-content\plugins\advanced-custom-fields-pro\includes\loop.php on line 28
[07-Oct-2025 09:24:30 UTC] PHP Deprecated:  Creation of dynamic property ACF::$loop is deprecated in C:\xampp\htdocs\Events\wp-content\plugins\advanced-custom-fields-pro\includes\loop.php on line 269
[07-Oct-2025 09:24:30 UTC] PHP Deprecated:  Creation of dynamic property ACF::$revisions is deprecated in C:\xampp\htdocs\Events\wp-content\plugins\advanced-custom-fields-pro\includes\revisions.php on line 397
[07-Oct-2025 09:24:30 UTC] PHP Deprecated:  Creation of dynamic property acf_validation::$errors is deprecated in C:\xampp\htdocs\Events\wp-content\plugins\advanced-custom-fields-pro\includes\validation.php on line 28
[07-Oct-2025 09:24:30 UTC] PHP Deprecated:  Creation of dynamic property ACF::$validation is deprecated in C:\xampp\htdocs\Events\wp-content\plugins\advanced-custom-fields-pro\includes\validation.php on line 214
[07-Oct-2025 09:24:30 UTC] PHP Deprecated:  Creation of dynamic property acf_form_customizer::$preview_values is deprecated in C:\xampp\htdocs\Events\wp-content\plugins\advanced-custom-fields-pro\includes\forms\form-customizer.php on line 28
[07-Oct-2025 09:24:30 UTC] PHP Deprecated:  Creation of dynamic property acf_form_customizer::$preview_fields is deprecated in C:\xampp\htdocs\Events\wp-content\plugins\advanced-custom-fields-pro\includes\forms\form-customizer.php on line 29
[07-Oct-2025 09:24:30 UTC] PHP Deprecated:  Creation of dynamic property acf_form_customizer::$preview_errors is deprecated in C:\xampp\htdocs\Events\wp-content\plugins\advanced-custom-fields-pro\includes\forms\form-customizer.php on line 30
[07-Oct-2025 09:24:30 UTC] PHP Deprecated:  Creation of dynamic property ACF::$form_front is deprecated in C:\xampp\htdocs\Events\wp-content\plugins\advanced-custom-fields-pro\includes\forms\form-front.php on line 598
[07-Oct-2025 09:24:30 UTC] PHP Deprecated:  Creation of dynamic property acf_form_widget::$preview_values is deprecated in C:\xampp\htdocs\Events\wp-content\plugins\advanced-custom-fields-pro\includes\forms\form-widget.php on line 34
[07-Oct-2025 09:24:30 UTC] PHP Deprecated:  Creation of dynamic property acf_form_widget::$preview_reference is deprecated in C:\xampp\htdocs\Events\wp-content\plugins\advanced-custom-fields-pro\includes\forms\form-widget.php on line 35
[07-Oct-2025 09:24:30 UTC] PHP Deprecated:  Creation of dynamic property acf_form_widget::$preview_errors is deprecated in C:\xampp\htdocs\Events\wp-content\plugins\advanced-custom-fields-pro\includes\forms\form-widget.php on line 36
[07-Oct-2025 09:24:30 UTC] PHP Deprecated:  Creation of dynamic property ACF::$admin_tools is deprecated in C:\xampp\htdocs\Events\wp-content\plugins\advanced-custom-fields-pro\includes\admin\admin-tools.php on line 282
[07-Oct-2025 09:24:30 UTC] PHP Deprecated:  Creation of dynamic property acf_field_oembed::$width is deprecated in C:\xampp\htdocs\Events\wp-content\plugins\advanced-custom-fields-pro\includes\fields\class-acf-field-oembed.php on line 31
[07-Oct-2025 09:24:30 UTC] PHP Deprecated:  Creation of dynamic property acf_field_oembed::$height is deprecated in C:\xampp\htdocs\Events\wp-content\plugins\advanced-custom-fields-pro\includes\fields\class-acf-field-oembed.php on line 32
[07-Oct-2025 09:24:30 UTC] PHP Deprecated:  Creation of dynamic property acf_field_google_map::$default_values is deprecated in C:\xampp\htdocs\Events\wp-content\plugins\advanced-custom-fields-pro\includes\fields\class-acf-field-google-map.php on line 33
[07-Oct-2025 09:24:30 UTC] PHP Deprecated:  Creation of dynamic property acf_field__group::$have_rows is deprecated in C:\xampp\htdocs\Events\wp-content\plugins\advanced-custom-fields-pro\includes\fields\class-acf-field-group.php on line 31
[07-Oct-2025 09:24:31 UTC] PHP Deprecated:  Creation of dynamic property acf_field_clone::$cloning is deprecated in C:\xampp\htdocs\Events\wp-content\plugins\advanced-custom-fields-pro\pro\fields\class-acf-field-clone.php on line 34
[07-Oct-2025 09:24:31 UTC] PHP Deprecated:  Creation of dynamic property acf_field_clone::$have_rows is deprecated in C:\xampp\htdocs\Events\wp-content\plugins\advanced-custom-fields-pro\pro\fields\class-acf-field-clone.php on line 35
[07-Oct-2025 09:25:11 UTC] PHP Notice:  Function _load_textdomain_just_in_time was called <strong>incorrectly</strong>. Translation loading for the <code>acf</code> domain was triggered too early. This is usually an indicator for some code in the plugin or theme running too early. Translations should be loaded at the <code>init</code> action or later. Please see <a href="https://developer.wordpress.org/advanced-administration/debug/debug-wordpress/">Debugging in WordPress</a> for more information. (This message was added in version 6.7.0.) in C:\xampp\htdocs\Events\wp-includes\functions.php on line 6121
[07-Oct-2025 09:25:11 UTC] PHP Deprecated:  Creation of dynamic property ACF::$fields is deprecated in C:\xampp\htdocs\Events\wp-content\plugins\advanced-custom-fields-pro\includes\fields.php on line 138
[07-Oct-2025 09:25:11 UTC] PHP Deprecated:  Creation of dynamic property acf_loop::$loops is deprecated in C:\xampp\htdocs\Events\wp-content\plugins\advanced-custom-fields-pro\includes\loop.php on line 28
[07-Oct-2025 09:25:11 UTC] PHP Deprecated:  Creation of dynamic property ACF::$loop is deprecated in C:\xampp\htdocs\Events\wp-content\plugins\advanced-custom-fields-pro\includes\loop.php on line 269
[07-Oct-2025 09:25:11 UTC] PHP Deprecated:  Creation of dynamic property ACF::$revisions is deprecated in C:\xampp\htdocs\Events\wp-content\plugins\advanced-custom-fields-pro\includes\revisions.php on line 397
[07-Oct-2025 09:25:11 UTC] PHP Deprecated:  Creation of dynamic property acf_validation::$errors is deprecated in C:\xampp\htdocs\Events\wp-content\plugins\advanced-custom-fields-pro\includes\validation.php on line 28
[07-Oct-2025 09:25:11 UTC] PHP Deprecated:  Creation of dynamic property ACF::$validation is deprecated in C:\xampp\htdocs\Events\wp-content\plugins\advanced-custom-fields-pro\includes\validation.php on line 214
[07-Oct-2025 09:25:11 UTC] PHP Deprecated:  Creation of dynamic property acf_form_customizer::$preview_values is deprecated in C:\xampp\htdocs\Events\wp-content\plugins\advanced-custom-fields-pro\includes\forms\form-customizer.php on line 28
[07-Oct-2025 09:25:11 UTC] PHP Deprecated:  Creation of dynamic property acf_form_customizer::$preview_fields is deprecated in C:\xampp\htdocs\Events\wp-content\plugins\advanced-custom-fields-pro\includes\forms\form-customizer.php on line 29
[07-Oct-2025 09:25:11 UTC] PHP Deprecated:  Creation of dynamic property acf_form_customizer::$preview_errors is deprecated in C:\xampp\htdocs\Events\wp-content\plugins\advanced-custom-fields-pro\includes\forms\form-customizer.php on line 30
[07-Oct-2025 09:25:11 UTC] PHP Deprecated:  Creation of dynamic property ACF::$form_front is deprecated in C:\xampp\htdocs\Events\wp-content\plugins\advanced-custom-fields-pro\includes\forms\form-front.php on line 598
[07-Oct-2025 09:25:11 UTC] PHP Deprecated:  Creation of dynamic property acf_form_widget::$preview_values is deprecated in C:\xampp\htdocs\Events\wp-content\plugins\advanced-custom-fields-pro\includes\forms\form-widget.php on line 34
[07-Oct-2025 09:25:11 UTC] PHP Deprecated:  Creation of dynamic property acf_form_widget::$preview_reference is deprecated in C:\xampp\htdocs\Events\wp-content\plugins\advanced-custom-fields-pro\includes\forms\form-widget.php on line 35
[07-Oct-2025 09:25:11 UTC] PHP Deprecated:  Creation of dynamic property acf_form_widget::$preview_errors is deprecated in C:\xampp\htdocs\Events\wp-content\plugins\advanced-custom-fields-pro\includes\forms\form-widget.php on line 36
[07-Oct-2025 09:25:11 UTC] PHP Deprecated:  Creation of dynamic property ACF::$admin_tools is deprecated in C:\xampp\htdocs\Events\wp-content\plugins\advanced-custom-fields-pro\includes\admin\admin-tools.php on line 282
[07-Oct-2025 09:25:11 UTC] PHP Deprecated:  Creation of dynamic property acf_field_oembed::$width is deprecated in C:\xampp\htdocs\Events\wp-content\plugins\advanced-custom-fields-pro\includes\fields\class-acf-field-oembed.php on line 31
[07-Oct-2025 09:25:11 UTC] PHP Deprecated:  Creation of dynamic property acf_field_oembed::$height is deprecated in C:\xampp\htdocs\Events\wp-content\plugins\advanced-custom-fields-pro\includes\fields\class-acf-field-oembed.php on line 32
[07-Oct-2025 09:25:11 UTC] PHP Deprecated:  Creation of dynamic property acf_field_google_map::$default_values is deprecated in C:\xampp\htdocs\Events\wp-content\plugins\advanced-custom-fields-pro\includes\fields\class-acf-field-google-map.php on line 33
[07-Oct-2025 09:25:11 UTC] PHP Deprecated:  Creation of dynamic property acf_field__group::$have_rows is deprecated in C:\xampp\htdocs\Events\wp-content\plugins\advanced-custom-fields-pro\includes\fields\class-acf-field-group.php on line 31
[07-Oct-2025 09:25:11 UTC] PHP Deprecated:  Creation of dynamic property acf_field_clone::$cloning is deprecated in C:\xampp\htdocs\Events\wp-content\plugins\advanced-custom-fields-pro\pro\fields\class-acf-field-clone.php on line 34
[07-Oct-2025 09:25:11 UTC] PHP Deprecated:  Creation of dynamic property acf_field_clone::$have_rows is deprecated in C:\xampp\htdocs\Events\wp-content\plugins\advanced-custom-fields-pro\pro\fields\class-acf-field-clone.php on line 35
